"is_built_lib_mongo" "true"
"built_lib_mongo" "/Users/simon/programation/perso/ocaml/mongo/_build/src/mongo.cma"
"built_lib_mongo" "/Users/simon/programation/perso/ocaml/mongo/_build/src/mongo.cmxa"
"built_lib_mongo" "/Users/simon/programation/perso/ocaml/mongo/_build/src/mongo.a"
"built_lib_mongo" "/Users/simon/programation/perso/ocaml/mongo/_build/src/mongo.cmxs"
"built_lib_mongo" "/Users/simon/programation/perso/ocaml/mongo/_build/src/mongo.cmi"
"built_lib_mongo" "/Users/simon/programation/perso/ocaml/mongo/_build/src/mongoAdmin.cmi"
"built_lib_mongo" "/Users/simon/programation/perso/ocaml/mongo/_build/src/mongoHeader.cmi"
"built_lib_mongo" "/Users/simon/programation/perso/ocaml/mongo/_build/src/mongoOperation.cmi"
"built_lib_mongo" "/Users/simon/programation/perso/ocaml/mongo/_build/src/mongoReply.cmi"
"built_lib_mongo" "/Users/simon/programation/perso/ocaml/mongo/_build/src/mongoRequest.cmi"
"built_lib_mongo" "/Users/simon/programation/perso/ocaml/mongo/_build/src/mongoSend.cmi"
"built_lib_mongo" "/Users/simon/programation/perso/ocaml/mongo/_build/src/mongoUtils.cmi"
"built_lib_mongo" "/Users/simon/programation/perso/ocaml/mongo/_build/src/mongo.cmx"
"built_lib_mongo" "/Users/simon/programation/perso/ocaml/mongo/_build/src/mongoAdmin.cmx"
"built_lib_mongo" "/Users/simon/programation/perso/ocaml/mongo/_build/src/mongoHeader.cmx"
"built_lib_mongo" "/Users/simon/programation/perso/ocaml/mongo/_build/src/mongoOperation.cmx"
"built_lib_mongo" "/Users/simon/programation/perso/ocaml/mongo/_build/src/mongoReply.cmx"
"built_lib_mongo" "/Users/simon/programation/perso/ocaml/mongo/_build/src/mongoRequest.cmx"
"built_lib_mongo" "/Users/simon/programation/perso/ocaml/mongo/_build/src/mongoSend.cmx"
"built_lib_mongo" "/Users/simon/programation/perso/ocaml/mongo/_build/src/mongoUtils.cmx"
"is_built_lib_mongo" "true"
"built_lib_mongo" "/Users/simon/programation/perso/ocaml/mongo/_build/src/mongo.cma"
"built_lib_mongo" "/Users/simon/programation/perso/ocaml/mongo/_build/src/mongo.cmxa"
"built_lib_mongo" "/Users/simon/programation/perso/ocaml/mongo/_build/src/mongo.a"
"built_lib_mongo" "/Users/simon/programation/perso/ocaml/mongo/_build/src/mongo.cmxs"
"built_lib_mongo" "/Users/simon/programation/perso/ocaml/mongo/_build/src/mongo.cmi"
"built_lib_mongo" "/Users/simon/programation/perso/ocaml/mongo/_build/src/mongoAdmin.cmi"
"built_lib_mongo" "/Users/simon/programation/perso/ocaml/mongo/_build/src/mongoHeader.cmi"
"built_lib_mongo" "/Users/simon/programation/perso/ocaml/mongo/_build/src/mongoOperation.cmi"
"built_lib_mongo" "/Users/simon/programation/perso/ocaml/mongo/_build/src/mongoReply.cmi"
"built_lib_mongo" "/Users/simon/programation/perso/ocaml/mongo/_build/src/mongoRequest.cmi"
"built_lib_mongo" "/Users/simon/programation/perso/ocaml/mongo/_build/src/mongoSend.cmi"
"built_lib_mongo" "/Users/simon/programation/perso/ocaml/mongo/_build/src/mongoUtils.cmi"
"built_lib_mongo" "/Users/simon/programation/perso/ocaml/mongo/_build/src/mongo.cmx"
"built_lib_mongo" "/Users/simon/programation/perso/ocaml/mongo/_build/src/mongoAdmin.cmx"
"built_lib_mongo" "/Users/simon/programation/perso/ocaml/mongo/_build/src/mongoHeader.cmx"
"built_lib_mongo" "/Users/simon/programation/perso/ocaml/mongo/_build/src/mongoOperation.cmx"
"built_lib_mongo" "/Users/simon/programation/perso/ocaml/mongo/_build/src/mongoReply.cmx"
"built_lib_mongo" "/Users/simon/programation/perso/ocaml/mongo/_build/src/mongoRequest.cmx"
"built_lib_mongo" "/Users/simon/programation/perso/ocaml/mongo/_build/src/mongoSend.cmx"
"built_lib_mongo" "/Users/simon/programation/perso/ocaml/mongo/_build/src/mongoUtils.cmx"
"install-findlib" "mongo"
